<?xml version="1.0" encoding="UTF-8"?>
<!-- Generated by org.testng.reporters.JUnitReportReporter -->
<testsuite hostname="DESKTOP-SB17MVI" failures="0" tests="1" name="com.Lumen.YourStore.Tests.DatePickerTrail" time="17.899" errors="0" timestamp="2024-02-16T00:34:24 IST" skipped="0">
  <testcase classname="com.Lumen.YourStore.Tests.DatePickerTrail" name="datePicker" time="17.899"/>
</testsuite> <!-- com.Lumen.YourStore.Tests.DatePickerTrail -->
