<?xml version="1.0" encoding="UTF-8"?>
<!-- Generated by org.testng.reporters.JUnitReportReporter -->
<testsuite hostname="DESKTOP-SB17MVI" failures="0" tests="1" name="com.Lumen.YourStore.Tests.Register" time="12.084" errors="0" timestamp="2024-02-14T19:33:00 IST" skipped="0">
  <testcase classname="com.Lumen.YourStore.Tests.Register" name="verifyRegistrationPagewithMandatoryFields" time="12.084"/>
</testsuite> <!-- com.Lumen.YourStore.Tests.Register -->
