<?xml version="1.0" encoding="UTF-8"?>
<!-- Generated by org.testng.reporters.JUnitReportReporter -->
<testsuite hostname="DESKTOP-SB17MVI" failures="0" tests="4" name="com.Lumen.YourStore.Tests.LoginPageTest" time="35.744" errors="0" timestamp="2024-02-29T15:55:14 IST" skipped="0">
  <testcase classname="com.Lumen.YourStore.Tests.LoginPageTest" name="verifyLoginWithInvalidExcelData" time="8.727"/>
  <testcase classname="com.Lumen.YourStore.Tests.LoginPageTest" name="verifyLoginWithInvalidExcelData" time="8.705"/>
  <testcase classname="com.Lumen.YourStore.Tests.LoginPageTest" name="verifyLoginWithvalidData" time="8.714"/>
  <testcase classname="com.Lumen.YourStore.Tests.LoginPageTest" name="verifyLoginWithInvalidExcelData" time="9.598"/>
</testsuite> <!-- com.Lumen.YourStore.Tests.LoginPageTest -->
