<?xml version="1.0" encoding="UTF-8"?>
<!-- Generated by org.testng.reporters.JUnitReportReporter -->
<testsuite hostname="DESKTOP-SB17MVI" failures="0" tests="1" name="com.Lumen.YourStore.Tests.SearchPageTest" time="9.855" errors="0" timestamp="2024-02-15T15:05:57 IST" skipped="0">
  <testcase classname="com.Lumen.YourStore.Tests.SearchPageTest" name="checksearchpageBreadCrumb" time="9.855"/>
</testsuite> <!-- com.Lumen.YourStore.Tests.SearchPageTest -->
