<?xml version="1.0" encoding="UTF-8"?>
<!-- Generated by org.testng.reporters.JUnitReportReporter -->
<testsuite hostname="DESKTOP-SB17MVI" failures="0" tests="1" name="com.Lumen.YourStore.Tests.DatePickerTrail" time="14.520" errors="0" timestamp="2024-02-29T15:55:14 IST" skipped="0">
  <testcase classname="com.Lumen.YourStore.Tests.DatePickerTrail" name="datePicker" time="14.520"/>
</testsuite> <!-- com.Lumen.YourStore.Tests.DatePickerTrail -->
