<?xml version="1.0" encoding="UTF-8"?>
<!-- Generated by org.testng.reporters.JUnitReportReporter -->
<testsuite hostname="DESKTOP-SB17MVI" failures="0" tests="1" name="com.Lumen.YourStore.utils.ConfigReader" time="0.010" errors="0" timestamp="2024-02-13T20:10:33 IST" skipped="0">
  <testcase classname="com.Lumen.YourStore.utils.ConfigReader" name="printurl" time="0.010"/>
</testsuite> <!-- com.Lumen.YourStore.utils.ConfigReader -->
