<?xml version="1.0" encoding="UTF-8"?>
<!-- Generated by org.testng.reporters.JUnitReportReporter -->
<testsuite hostname="DESKTOP-SB17MVI" failures="0" tests="1" name="com.Lumen.YourStore.Tests.LandingPageTitleTest" time="7.668" errors="0" timestamp="2024-02-14T19:25:05 IST" skipped="0">
  <testcase classname="com.Lumen.YourStore.Tests.LandingPageTitleTest" name="verifyLandingPageTitle" time="7.668"/>
</testsuite> <!-- com.Lumen.YourStore.Tests.LandingPageTitleTest -->
