<?xml version="1.0" encoding="UTF-8"?>
<!-- Generated by org.testng.reporters.JUnitReportReporter -->
<testsuite hostname="DESKTOP-SB17MVI" failures="0" tests="1" name="com.Lumen.YourStore.Tests.logintest" time="37.964" errors="0" timestamp="2024-02-29T15:14:01 IST" skipped="0">
  <testcase classname="com.Lumen.YourStore.Tests.logintest" name="loginTest" time="37.964"/>
</testsuite> <!-- com.Lumen.YourStore.Tests.logintest -->
